[2020-09-05 17:29:19,438] SEVERE {b7a.log.crash} - it-lt46.client.$value$HelloResponse cannot be cast to java.lang.String 
java.lang.ClassCastException: it-lt46.client.$value$HelloResponse cannot be cast to java.lang.String
	at it-lt46.client.$value$_anonService_0__service_1.call(helloWorld_sample_client.bal)
	at org.ballerinalang.jvm.BRuntime.lambda$invokeMethodAsync$2(BRuntime.java:84)
	at org.ballerinalang.jvm.scheduling.SchedulerItem.execute(Scheduler.java:482)
	at org.ballerinalang.jvm.scheduling.Scheduler.run(Scheduler.java:263)
	at org.ballerinalang.jvm.scheduling.Scheduler.runSafely(Scheduler.java:231)
	at java.lang.Thread.run(Thread.java:748)
 
[2020-09-05 17:34:11,764] SEVERE {b7a.log.crash} - it-lt46.client.$value$HelloResponse cannot be cast to java.lang.String 
java.lang.ClassCastException: it-lt46.client.$value$HelloResponse cannot be cast to java.lang.String
	at it-lt46.client.$value$_anonService_0__service_1.call(helloWorld_sample_client.bal)
	at org.ballerinalang.jvm.BRuntime.lambda$invokeMethodAsync$2(BRuntime.java:84)
	at org.ballerinalang.jvm.scheduling.SchedulerItem.execute(Scheduler.java:482)
	at org.ballerinalang.jvm.scheduling.Scheduler.run(Scheduler.java:263)
	at org.ballerinalang.jvm.scheduling.Scheduler.runSafely(Scheduler.java:231)
	at java.lang.Thread.run(Thread.java:748)
 
[2020-09-05 17:35:32,086] SEVERE {b7a.log.crash} - it-lt46.client.$value$HelloResponse cannot be cast to java.lang.String 
java.lang.ClassCastException: it-lt46.client.$value$HelloResponse cannot be cast to java.lang.String
	at it-lt46.client.$value$_anonService_0__service_1.call(helloWorld_sample_client.bal)
	at org.ballerinalang.jvm.BRuntime.lambda$invokeMethodAsync$2(BRuntime.java:84)
	at org.ballerinalang.jvm.scheduling.SchedulerItem.execute(Scheduler.java:482)
	at org.ballerinalang.jvm.scheduling.Scheduler.run(Scheduler.java:263)
	at org.ballerinalang.jvm.scheduling.Scheduler.runSafely(Scheduler.java:231)
	at java.lang.Thread.run(Thread.java:748)
 
[2020-09-15 20:14:16,369] SEVERE {b7a.log.crash} - org.wso2.ballerinalang.compiler.semantics.model.symbols.BTypeSymbol cannot be cast to org.wso2.ballerinalang.compiler.semantics.model.symbols.BObjectTypeSymbol 
java.lang.ClassCastException: org.wso2.ballerinalang.compiler.semantics.model.symbols.BTypeSymbol cannot be cast to org.wso2.ballerinalang.compiler.semantics.model.symbols.BObjectTypeSymbol
	at org.wso2.ballerinalang.compiler.semantics.analyzer.Types.checkObjectEquivalency(Types.java:907)
	at org.wso2.ballerinalang.compiler.semantics.analyzer.Types.checkStructEquivalency(Types.java:895)
	at org.wso2.ballerinalang.compiler.semantics.analyzer.Types.isAssignable(Types.java:598)
	at org.wso2.ballerinalang.compiler.semantics.analyzer.Types.lambda$null$25(Types.java:1976)
	at java.util.stream.MatchOps$1MatchSink.accept(MatchOps.java:90)
	at java.util.Spliterators$IteratorSpliterator.tryAdvance(Spliterators.java:1812)
	at java.util.stream.ReferencePipeline.forEachWithCancel(ReferencePipeline.java:126)
	at java.util.stream.AbstractPipeline.copyIntoWithCancel(AbstractPipeline.java:498)
	at java.util.stream.AbstractPipeline.copyInto(AbstractPipeline.java:485)
	at java.util.stream.AbstractPipeline.wrapAndCopyInto(AbstractPipeline.java:471)
	at java.util.stream.MatchOps$MatchOp.evaluateSequential(MatchOps.java:230)
	at java.util.stream.MatchOps$MatchOp.evaluateSequential(MatchOps.java:196)
	at java.util.stream.AbstractPipeline.evaluate(AbstractPipeline.java:234)
	at java.util.stream.ReferencePipeline.anyMatch(ReferencePipeline.java:449)
	at org.wso2.ballerinalang.compiler.semantics.analyzer.Types.lambda$isAssignableToUnionType$26(Types.java:1976)
	at java.util.stream.MatchOps$1MatchSink.accept(MatchOps.java:90)
	at java.util.Spliterators$IteratorSpliterator.tryAdvance(Spliterators.java:1812)
	at java.util.stream.ReferencePipeline.forEachWithCancel(ReferencePipeline.java:126)
	at java.util.stream.AbstractPipeline.copyIntoWithCancel(AbstractPipeline.java:498)
	at java.util.stream.AbstractPipeline.copyInto(AbstractPipeline.java:485)
	at java.util.stream.AbstractPipeline.wrapAndCopyInto(AbstractPipeline.java:471)
	at java.util.stream.MatchOps$MatchOp.evaluateSequential(MatchOps.java:230)
	at java.util.stream.MatchOps$MatchOp.evaluateSequential(MatchOps.java:196)
	at java.util.stream.AbstractPipeline.evaluate(AbstractPipeline.java:234)
	at java.util.stream.ReferencePipeline.allMatch(ReferencePipeline.java:454)
	at org.wso2.ballerinalang.compiler.semantics.analyzer.Types.isAssignableToUnionType(Types.java:1976)
	at org.wso2.ballerinalang.compiler.semantics.analyzer.Types.isAssignable(Types.java:552)
	at org.wso2.ballerinalang.compiler.semantics.analyzer.Types.isAssignable(Types.java:310)
	at org.wso2.ballerinalang.compiler.semantics.analyzer.Types.checkType(Types.java:183)
	at org.wso2.ballerinalang.compiler.semantics.analyzer.Types.checkType(Types.java:162)
	at org.wso2.ballerinalang.compiler.semantics.analyzer.Types.checkType(Types.java:155)
	at org.wso2.ballerinalang.compiler.semantics.analyzer.TypeChecker.visit(TypeChecker.java:1375)
	at org.wso2.ballerinalang.compiler.tree.expressions.BLangSimpleVarRef.accept(BLangSimpleVarRef.java:61)
	at org.wso2.ballerinalang.compiler.semantics.analyzer.TypeChecker.checkExpr(TypeChecker.java:273)
	at org.wso2.ballerinalang.compiler.semantics.analyzer.TypeChecker.checkExpr(TypeChecker.java:240)
	at org.wso2.ballerinalang.compiler.semantics.analyzer.TypeChecker.checkTypeParamExpr(TypeChecker.java:3844)
	at org.wso2.ballerinalang.compiler.semantics.analyzer.TypeChecker.checkTypeParamExpr(TypeChecker.java:3837)
	at org.wso2.ballerinalang.compiler.semantics.analyzer.TypeChecker.checkNonRestArgs(TypeChecker.java:3773)
	at org.wso2.ballerinalang.compiler.semantics.analyzer.TypeChecker.checkInvocationArgs(TypeChecker.java:3725)
	at org.wso2.ballerinalang.compiler.semantics.analyzer.TypeChecker.checkInvocationParam(TypeChecker.java:3716)
	at org.wso2.ballerinalang.compiler.semantics.analyzer.TypeChecker.checkInvocationParamAndReturnType(TypeChecker.java:3651)
	at org.wso2.ballerinalang.compiler.semantics.analyzer.TypeChecker.checkActionInvocationExpr(TypeChecker.java:3625)
	at org.wso2.ballerinalang.compiler.semantics.analyzer.TypeChecker.visit(TypeChecker.java:1734)
	at org.wso2.ballerinalang.compiler.tree.expressions.BLangInvocation.accept(BLangInvocation.java:115)
	at org.wso2.ballerinalang.compiler.semantics.analyzer.TypeChecker.checkExpr(TypeChecker.java:273)
	at org.wso2.ballerinalang.compiler.semantics.analyzer.TypeChecker.checkExpr(TypeChecker.java:240)
	at org.wso2.ballerinalang.compiler.semantics.analyzer.SemanticAnalyzer.handleDeclaredWithVar(SemanticAnalyzer.java:820)
	at org.wso2.ballerinalang.compiler.semantics.analyzer.SemanticAnalyzer.visit(SemanticAnalyzer.java:573)
	at org.wso2.ballerinalang.compiler.tree.BLangSimpleVariable.accept(BLangSimpleVariable.java:53)
	at org.wso2.ballerinalang.compiler.semantics.analyzer.SemanticAnalyzer.analyzeNode(SemanticAnalyzer.java:2536)
	at org.wso2.ballerinalang.compiler.semantics.analyzer.SemanticAnalyzer.analyzeNode(SemanticAnalyzer.java:2504)
	at org.wso2.ballerinalang.compiler.semantics.analyzer.SemanticAnalyzer.analyzeDef(SemanticAnalyzer.java:2496)
	at org.wso2.ballerinalang.compiler.semantics.analyzer.SemanticAnalyzer.visit(SemanticAnalyzer.java:1628)
	at org.wso2.ballerinalang.compiler.tree.statements.BLangSimpleVariableDef.accept(BLangSimpleVariableDef.java:46)
	at org.wso2.ballerinalang.compiler.semantics.analyzer.SemanticAnalyzer.analyzeNode(SemanticAnalyzer.java:2536)
	at org.wso2.ballerinalang.compiler.semantics.analyzer.SemanticAnalyzer.analyzeNode(SemanticAnalyzer.java:2504)
	at org.wso2.ballerinalang.compiler.semantics.analyzer.SemanticAnalyzer.analyzeStmt(SemanticAnalyzer.java:2500)
	at org.wso2.ballerinalang.compiler.semantics.analyzer.SemanticAnalyzer.visit(SemanticAnalyzer.java:347)
	at org.wso2.ballerinalang.compiler.tree.BLangBlockFunctionBody.accept(BLangBlockFunctionBody.java:57)
	at org.wso2.ballerinalang.compiler.semantics.analyzer.SemanticAnalyzer.analyzeNode(SemanticAnalyzer.java:2536)
	at org.wso2.ballerinalang.compiler.semantics.analyzer.SemanticAnalyzer.visit(SemanticAnalyzer.java:321)
	at org.wso2.ballerinalang.compiler.tree.BLangFunction.accept(BLangFunction.java:73)
	at org.wso2.ballerinalang.compiler.semantics.analyzer.SemanticAnalyzer.analyzeNode(SemanticAnalyzer.java:2536)
	at org.wso2.ballerinalang.compiler.semantics.analyzer.SemanticAnalyzer.analyzeNode(SemanticAnalyzer.java:2504)
	at org.wso2.ballerinalang.compiler.semantics.analyzer.SemanticAnalyzer.analyzeDef(SemanticAnalyzer.java:2496)
	at org.wso2.ballerinalang.compiler.semantics.analyzer.SemanticAnalyzer.visit(SemanticAnalyzer.java:252)
	at org.wso2.ballerinalang.compiler.tree.BLangPackage.accept(BLangPackage.java:161)
	at org.wso2.ballerinalang.compiler.semantics.analyzer.SemanticAnalyzer.analyze(SemanticAnalyzer.java:226)
	at org.wso2.ballerinalang.compiler.CompilerDriver.typeCheck(CompilerDriver.java:270)
	at org.wso2.ballerinalang.compiler.CompilerDriver.compile(CompilerDriver.java:222)
	at org.wso2.ballerinalang.compiler.CompilerDriver.compilePackageSymbol(CompilerDriver.java:214)
	at org.wso2.ballerinalang.compiler.CompilerDriver.compilePackage(CompilerDriver.java:131)
	at org.wso2.ballerinalang.compiler.Compiler.compilePackages(Compiler.java:166)
	at org.wso2.ballerinalang.compiler.Compiler.compilePackage(Compiler.java:174)
	at org.wso2.ballerinalang.compiler.Compiler.compile(Compiler.java:91)
	at org.wso2.ballerinalang.compiler.Compiler.build(Compiler.java:99)
	at org.ballerinalang.packerina.task.CompileTask.execute(CompileTask.java:61)
	at org.ballerinalang.packerina.TaskExecutor.executeTasks(TaskExecutor.java:38)
	at org.ballerinalang.packerina.cmd.RunCommand.execute(RunCommand.java:293)
	at java.util.Optional.ifPresent(Optional.java:159)
	at org.ballerinalang.tool.Main.main(Main.java:57)
 
