[2020-10-14 16:22:52,449] SEVERE {b7a.log.crash} - null 
java.lang.NullPointerException
	at org.wso2.ballerinalang.programfile.PackageFileWriter.writePackage(PackageFileWriter.java:52)
	at org.ballerinalang.packerina.writer.BirFileWriter.writeBIRToPath(BirFileWriter.java:100)
	at org.ballerinalang.packerina.task.CreateBirTask.writeImportBir(CreateBirTask.java:99)
	at org.ballerinalang.packerina.task.CreateBirTask.execute(CreateBirTask.java:64)
	at org.ballerinalang.packerina.TaskExecutor.executeTasks(TaskExecutor.java:38)
	at org.ballerinalang.packerina.cmd.RunCommand.execute(RunCommand.java:293)
	at java.util.Optional.ifPresent(Optional.java:159)
	at org.ballerinalang.tool.Main.main(Main.java:57)
 
[2020-10-14 17:01:36,011] SEVERE {b7a.log.crash} - null 
java.lang.NullPointerException
	at org.wso2.ballerinalang.programfile.PackageFileWriter.writePackage(PackageFileWriter.java:52)
	at org.ballerinalang.packerina.writer.BirFileWriter.writeBIRToPath(BirFileWriter.java:100)
	at org.ballerinalang.packerina.task.CreateBirTask.writeImportBir(CreateBirTask.java:99)
	at org.ballerinalang.packerina.task.CreateBirTask.execute(CreateBirTask.java:64)
	at org.ballerinalang.packerina.TaskExecutor.executeTasks(TaskExecutor.java:38)
	at org.ballerinalang.packerina.cmd.RunCommand.execute(RunCommand.java:293)
	at java.util.Optional.ifPresent(Optional.java:159)
	at org.ballerinalang.tool.Main.main(Main.java:57)
 
[2020-10-14 17:04:34,043] SEVERE {b7a.log.crash} - null 
java.lang.NullPointerException
	at org.wso2.ballerinalang.programfile.PackageFileWriter.writePackage(PackageFileWriter.java:52)
	at org.ballerinalang.packerina.writer.BirFileWriter.writeBIRToPath(BirFileWriter.java:100)
	at org.ballerinalang.packerina.task.CreateBirTask.writeImportBir(CreateBirTask.java:99)
	at org.ballerinalang.packerina.task.CreateBirTask.execute(CreateBirTask.java:64)
	at org.ballerinalang.packerina.TaskExecutor.executeTasks(TaskExecutor.java:38)
	at org.ballerinalang.packerina.cmd.RunCommand.execute(RunCommand.java:293)
	at java.util.Optional.ifPresent(Optional.java:159)
	at org.ballerinalang.tool.Main.main(Main.java:57)
 
[2020-10-14 17:05:22,026] SEVERE {b7a.log.crash} - null 
java.lang.NullPointerException
	at org.wso2.ballerinalang.programfile.PackageFileWriter.writePackage(PackageFileWriter.java:52)
	at org.ballerinalang.packerina.writer.BirFileWriter.writeBIRToPath(BirFileWriter.java:100)
	at org.ballerinalang.packerina.task.CreateBirTask.writeImportBir(CreateBirTask.java:99)
	at org.ballerinalang.packerina.task.CreateBirTask.execute(CreateBirTask.java:64)
	at org.ballerinalang.packerina.TaskExecutor.executeTasks(TaskExecutor.java:38)
	at org.ballerinalang.packerina.cmd.RunCommand.execute(RunCommand.java:293)
	at java.util.Optional.ifPresent(Optional.java:159)
	at org.ballerinalang.tool.Main.main(Main.java:57)
 
[2020-10-14 17:06:19,598] SEVERE {b7a.log.crash} - null 
java.lang.NullPointerException
	at org.wso2.ballerinalang.programfile.PackageFileWriter.writePackage(PackageFileWriter.java:52)
	at org.ballerinalang.packerina.writer.BirFileWriter.writeBIRToPath(BirFileWriter.java:100)
	at org.ballerinalang.packerina.task.CreateBirTask.writeImportBir(CreateBirTask.java:99)
	at org.ballerinalang.packerina.task.CreateBirTask.execute(CreateBirTask.java:64)
	at org.ballerinalang.packerina.TaskExecutor.executeTasks(TaskExecutor.java:38)
	at org.ballerinalang.packerina.cmd.RunCommand.execute(RunCommand.java:293)
	at java.util.Optional.ifPresent(Optional.java:159)
	at org.ballerinalang.tool.Main.main(Main.java:57)
 
[2020-10-14 17:06:33,227] SEVERE {b7a.log.crash} - null 
java.lang.NullPointerException
	at org.wso2.ballerinalang.programfile.PackageFileWriter.writePackage(PackageFileWriter.java:52)
	at org.ballerinalang.packerina.writer.BirFileWriter.writeBIRToPath(BirFileWriter.java:100)
	at org.ballerinalang.packerina.task.CreateBirTask.writeImportBir(CreateBirTask.java:99)
	at org.ballerinalang.packerina.task.CreateBirTask.execute(CreateBirTask.java:64)
	at org.ballerinalang.packerina.TaskExecutor.executeTasks(TaskExecutor.java:38)
	at org.ballerinalang.packerina.cmd.RunCommand.execute(RunCommand.java:293)
	at java.util.Optional.ifPresent(Optional.java:159)
	at org.ballerinalang.tool.Main.main(Main.java:57)
 
[2020-10-14 17:12:02,278] SEVERE {b7a.log.crash} - null 
java.lang.NullPointerException
	at org.wso2.ballerinalang.programfile.PackageFileWriter.writePackage(PackageFileWriter.java:52)
	at org.ballerinalang.packerina.writer.BirFileWriter.writeBIRToPath(BirFileWriter.java:100)
	at org.ballerinalang.packerina.task.CreateBirTask.writeImportBir(CreateBirTask.java:99)
	at org.ballerinalang.packerina.task.CreateBirTask.execute(CreateBirTask.java:64)
	at org.ballerinalang.packerina.TaskExecutor.executeTasks(TaskExecutor.java:38)
	at org.ballerinalang.packerina.cmd.RunCommand.execute(RunCommand.java:293)
	at java.util.Optional.ifPresent(Optional.java:159)
	at org.ballerinalang.tool.Main.main(Main.java:57)
 
[2020-10-14 17:12:33,940] SEVERE {b7a.log.crash} - null 
java.lang.NullPointerException
	at org.wso2.ballerinalang.programfile.PackageFileWriter.writePackage(PackageFileWriter.java:52)
	at org.ballerinalang.packerina.writer.BirFileWriter.writeBIRToPath(BirFileWriter.java:100)
	at org.ballerinalang.packerina.task.CreateBirTask.writeImportBir(CreateBirTask.java:99)
	at org.ballerinalang.packerina.task.CreateBirTask.execute(CreateBirTask.java:64)
	at org.ballerinalang.packerina.TaskExecutor.executeTasks(TaskExecutor.java:38)
	at org.ballerinalang.packerina.cmd.RunCommand.execute(RunCommand.java:293)
	at java.util.Optional.ifPresent(Optional.java:159)
	at org.ballerinalang.tool.Main.main(Main.java:57)
 
